mode: set
sosmedapps/features/comment/services/service.go:15.57,19.2 1 0
sosmedapps/features/comment/services/service.go:22.119,25.16 3 0
sosmedapps/features/comment/services/service.go:29.2,29.17 1 0
sosmedapps/features/comment/services/service.go:25.16,28.3 2 0
sosmedapps/features/comment/services/service.go:33.80,36.16 3 0
sosmedapps/features/comment/services/service.go:43.2,43.12 1 0
sosmedapps/features/comment/services/service.go:36.16,38.46 2 0
sosmedapps/features/comment/services/service.go:41.3,41.36 1 0
sosmedapps/features/comment/services/service.go:38.46,40.4 1 0
sosmedapps/features/comment/services/service.go:47.65,49.16 2 0
sosmedapps/features/comment/services/service.go:53.2,53.17 1 0
sosmedapps/features/comment/services/service.go:49.16,52.3 2 0
sosmedapps/features/contents/services/service.go:16.59,20.2 1 1
sosmedapps/features/contents/services/service.go:23.158,27.30 2 0
sosmedapps/features/contents/services/service.go:31.2,32.16 2 0
sosmedapps/features/contents/services/service.go:36.2,36.32 1 0
sosmedapps/features/contents/services/service.go:39.2,42.16 4 0
sosmedapps/features/contents/services/service.go:45.2,49.16 3 0
sosmedapps/features/contents/services/service.go:53.2,53.17 1 0
sosmedapps/features/contents/services/service.go:27.30,29.3 1 0
sosmedapps/features/contents/services/service.go:32.16,34.3 1 0
sosmedapps/features/contents/services/service.go:36.32,38.3 1 0
sosmedapps/features/contents/services/service.go:42.16,44.3 1 0
sosmedapps/features/contents/services/service.go:49.16,52.3 2 0
sosmedapps/features/contents/services/service.go:57.77,59.16 2 0
sosmedapps/features/contents/services/service.go:63.2,63.17 1 0
sosmedapps/features/contents/services/service.go:59.16,62.3 2 0
sosmedapps/features/contents/services/service.go:67.83,69.16 2 0
sosmedapps/features/contents/services/service.go:73.2,73.17 1 0
sosmedapps/features/contents/services/service.go:69.16,72.3 2 0
sosmedapps/features/contents/services/service.go:77.113,80.16 3 0
sosmedapps/features/contents/services/service.go:86.2,86.17 1 0
sosmedapps/features/contents/services/service.go:80.16,81.46 1 0
sosmedapps/features/contents/services/service.go:84.3,84.49 1 0
sosmedapps/features/contents/services/service.go:81.46,83.4 1 0
sosmedapps/features/contents/services/service.go:90.87,93.16 3 1
sosmedapps/features/contents/services/service.go:100.2,100.12 1 1
sosmedapps/features/contents/services/service.go:93.16,95.46 2 1
sosmedapps/features/contents/services/service.go:98.3,98.36 1 1
sosmedapps/features/contents/services/service.go:95.46,97.4 1 0
sosmedapps/features/comment/services/service.go:15.57,19.2 1 1
sosmedapps/features/comment/services/service.go:22.119,25.16 3 1
sosmedapps/features/comment/services/service.go:29.2,29.17 1 1
sosmedapps/features/comment/services/service.go:25.16,28.3 2 1
sosmedapps/features/comment/services/service.go:33.80,36.16 3 1
sosmedapps/features/comment/services/service.go:43.2,43.12 1 1
sosmedapps/features/comment/services/service.go:36.16,38.46 2 1
sosmedapps/features/comment/services/service.go:41.3,41.36 1 1
sosmedapps/features/comment/services/service.go:38.46,40.4 1 1
