mode: set
sosmedapps/features/contents/services/service.go:15.59,19.2 1 0
sosmedapps/features/contents/services/service.go:22.158,26.30 2 0
sosmedapps/features/contents/services/service.go:30.2,31.16 2 0
sosmedapps/features/contents/services/service.go:35.2,35.32 1 0
sosmedapps/features/contents/services/service.go:38.2,41.16 4 0
sosmedapps/features/contents/services/service.go:44.2,48.16 3 0
sosmedapps/features/contents/services/service.go:52.2,52.17 1 0
sosmedapps/features/contents/services/service.go:26.30,28.3 1 0
sosmedapps/features/contents/services/service.go:31.16,33.3 1 0
sosmedapps/features/contents/services/service.go:35.32,37.3 1 0
sosmedapps/features/contents/services/service.go:41.16,43.3 1 0
sosmedapps/features/contents/services/service.go:48.16,51.3 2 0
sosmedapps/features/contents/services/service.go:56.77,58.16 2 0
sosmedapps/features/contents/services/service.go:62.2,62.17 1 0
sosmedapps/features/contents/services/service.go:58.16,61.3 2 0
sosmedapps/features/comment/services/service.go:14.57,18.2 1 0
sosmedapps/features/comment/services/service.go:21.109,24.16 3 0
sosmedapps/features/comment/services/service.go:28.2,28.17 1 0
sosmedapps/features/comment/services/service.go:24.16,27.3 2 0
sosmedapps/features/comment/services/service.go:32.64,33.24 1 0
sosmedapps/features/user/services/service.go:16.45,20.2 1 1
sosmedapps/features/user/services/service.go:23.76,26.99 2 1
sosmedapps/features/user/services/service.go:29.2,29.16 1 1
sosmedapps/features/user/services/service.go:32.2,34.16 3 1
sosmedapps/features/user/services/service.go:44.2,44.17 1 1
sosmedapps/features/user/services/service.go:26.99,28.3 1 0
sosmedapps/features/user/services/service.go:29.16,31.3 1 0
sosmedapps/features/user/services/service.go:34.16,36.56 2 1
sosmedapps/features/user/services/service.go:36.56,38.4 1 0
sosmedapps/features/user/services/service.go:38.9,38.66 1 1
sosmedapps/features/user/services/service.go:38.66,40.4 1 0
sosmedapps/features/user/services/service.go:40.9,42.4 1 1
sosmedapps/features/user/services/service.go:48.96,50.38 1 1
sosmedapps/features/user/services/service.go:53.2,54.16 2 1
sosmedapps/features/user/services/service.go:59.2,60.16 2 1
sosmedapps/features/user/services/service.go:64.2,65.27 2 1
sosmedapps/features/user/services/service.go:50.38,52.3 1 0
sosmedapps/features/user/services/service.go:54.16,57.3 2 0
sosmedapps/features/user/services/service.go:60.16,63.3 2 0
sosmedapps/features/user/services/service.go:69.133,71.13 2 0
sosmedapps/features/user/services/service.go:75.2,75.31 1 0
sosmedapps/features/user/services/service.go:84.2,84.30 1 0
sosmedapps/features/user/services/service.go:88.2,89.16 2 0
sosmedapps/features/user/services/service.go:93.2,93.32 1 0
sosmedapps/features/user/services/service.go:96.2,99.16 4 0
sosmedapps/features/user/services/service.go:102.2,106.16 3 0
sosmedapps/features/user/services/service.go:117.2,117.17 1 0
sosmedapps/features/user/services/service.go:71.13,73.3 1 0
sosmedapps/features/user/services/service.go:75.31,77.17 2 0
sosmedapps/features/user/services/service.go:80.3,80.40 1 0
sosmedapps/features/user/services/service.go:77.17,79.4 1 0
sosmedapps/features/user/services/service.go:84.30,86.3 1 0
sosmedapps/features/user/services/service.go:89.16,91.3 1 0
sosmedapps/features/user/services/service.go:93.32,95.3 1 0
sosmedapps/features/user/services/service.go:99.16,101.3 1 0
sosmedapps/features/user/services/service.go:106.16,108.56 2 0
sosmedapps/features/user/services/service.go:108.56,110.4 1 0
sosmedapps/features/user/services/service.go:110.9,110.66 1 0
sosmedapps/features/user/services/service.go:110.66,112.4 1 0
sosmedapps/features/user/services/service.go:112.9,114.4 1 0
sosmedapps/features/user/services/service.go:121.79,124.16 3 1
sosmedapps/features/user/services/service.go:128.2,128.17 1 1
sosmedapps/features/user/services/service.go:124.16,127.3 2 0
sosmedapps/features/user/services/service.go:132.65,134.13 2 0
sosmedapps/features/user/services/service.go:137.2,138.16 2 0
sosmedapps/features/user/services/service.go:142.2,142.12 1 0
sosmedapps/features/user/services/service.go:134.13,136.3 1 0
sosmedapps/features/user/services/service.go:138.16,141.3 2 0
